Rory's interbench log

1: vanilla, no applications open on mac [1 processor]

Using 1400919 loops per ms, running every load for 30 seconds
Benchmarking kernel 2.6.32 at datestamp 201105051326

--- Benchmarking simulated cpu of Audio in the presence of simulated ---
Load	Latency +/- SD (ms)  Max Latency   % Desired CPU  % Deadlines Met
None	  0.362 +/- 0.547        3.1		 100	        100
Video	   1.47 +/- 2.51        9.75		 100	        100
X	  0.533 +/- 1.42        16.7		 100	        100
Burn	  0.379 +/- 0.673       7.72		 100	        100
Write	   6.17 +/- 30.8         350		92.6	       92.2
Read	  0.078 +/- 0.201       2.12		 100	        100
Compile	   7.63 +/- 37.3         415		92.9	       92.7
Memload	  0.382 +/- 0.902       6.59		 100	        100

--- Benchmarking simulated cpu of Video in the presence of simulated ---
Load	Latency +/- SD (ms)  Max Latency   % Desired CPU  % Deadlines Met
None	  0.605 +/- 1.84        18.3		 100	         99
X	   2.79 +/- 6.3         32.3		99.7	       91.8
Burn	   12.2 +/- 18          49.5		87.7	       54.5
Write	   9.27 +/- 34.7         600		78.9	         69
Read	  0.465 +/- 2.01          24		 100	       99.3
Compile	     25 +/- 45.4         359		  49	       29.6
Memload	   2.31 +/- 5.98          50		99.5	       93.9

--- Benchmarking simulated cpu of X in the presence of simulated ---
Load	Latency +/- SD (ms)  Max Latency   % Desired CPU  % Deadlines Met
None	  0.005 +/- 0.0838      1.45		 100	        100
Video	  0.079 +/- 0.94          12		  98	       97.7
Burn	   72.8 +/- 101          273		15.2	       6.04
Write	   35.6 +/- 75.4         425		27.3	       16.4
Read	   2.12 +/- 6.56          33		75.1	       67.5
Compile	    180 +/- 259          837		4.87	       1.25
Memload	      4 +/- 13.7          81		74.9	       69.9

--- Benchmarking simulated cpu of Gaming in the presence of simulated ---
Load	Latency +/- SD (ms)  Max Latency   % Desired CPU
None	      0 +/- 0              0		 100
Video	      0 +/- 0              0		 100
X	    6.7 +/- 12.3        40.2		93.7
Burn	    225 +/- 228          270		30.8
Write	   94.2 +/- 129          520		51.5
Read	   7.22 +/- 14.1        46.3		93.3
Compile	    428 +/- 453          792		  19
Memload	   15.5 +/- 28.3        88.9		86.6



Using 1400919 loops per ms, running every load for 30 seconds
Benchmarking kernel 2.6.32 at datestamp 201105051709

--- Benchmarking simulated cpu of Audio in the presence of simulated ---
Load	Latency +/- SD (ms)  Max Latency   % Desired CPU  % Deadlines Met
None	  0.642 +/- 1.26        8.52		 100	        100
Video	  0.453 +/- 2.16        50.3		 100	       99.8
X	  0.457 +/- 0.997        8.7		 100	        100
Burn	  0.227 +/- 0.524        8.8		 100	        100
Write	   32.4 +/- 165         2518		59.8	       59.5
Read	  0.128 +/- 0.356       3.96		 100	        100
Compile	   8.12 +/- 33.4         516		94.1	       91.9
Memload	  0.251 +/- 0.476       3.72		 100	        100

--- Benchmarking simulated cpu of Video in the presence of simulated ---
Load	Latency +/- SD (ms)  Max Latency   % Desired CPU  % Deadlines Met
None	   1.33 +/- 4.15        33.4		99.9	       96.6
X	  0.666 +/- 2.13        24.2		 100	       98.9
Burn	   11.8 +/- 18.1        95.2		84.9	       70.1
Write	   4.36 +/- 23.2         275		84.5	       82.9
Read	  0.222 +/- 0.941       21.8		 100	       99.8
Compile	   9.86 +/- 25.4         272		78.1	       69.8
Memload	  0.735 +/- 3.1         39.5		99.5	       98.4

--- Benchmarking simulated cpu of X in the presence of simulated ---
Load	Latency +/- SD (ms)  Max Latency   % Desired CPU  % Deadlines Met
None	  0.007 +/- 0.0728      1.08		 100	        100
Video	  0.036 +/- 0.465        7.8		 100	        100
Burn	   32.6 +/- 50.6         136		22.5	       12.8
Write	     15 +/- 52.6         466		49.3	       45.6
Read	      0 +/- 0.0077     0.118		 100	        100
Compile	   51.2 +/- 80.6         350		19.1	       8.96
Memload	  0.004 +/- 0.046      0.666		 100	        100

--- Benchmarking simulated cpu of Gaming in the presence of simulated ---
Load	Latency +/- SD (ms)  Max Latency   % Desired CPU
None	      0 +/- 0              0		 100
Video	      0 +/- 0              0		 100
X	      0 +/- 0              0		 100
Burn	     64 +/- 69.6         157		  61
Write	   22.3 +/- 58.7         381		81.8
Read	  0.697 +/- 3.09        26.8		99.3
Compile	    163 +/- 185          884		  38
Memload	  0.106 +/- 1.45        27.3		99.9



Using 1400919 loops per ms, running every load for 30 seconds
Benchmarking kernel 2.6.32 at datestamp 201105051750

--- Benchmarking simulated cpu of Audio in the presence of simulated ---
Load	Latency +/- SD (ms)  Max Latency   % Desired CPU  % Deadlines Met
None	   0.36 +/- 0.582       5.54		 100	        100
Video	  0.543 +/- 0.856        5.3		 100	        100
X	    0.4 +/- 0.686       7.59		 100	        100
Burn	   2.17 +/- 4.03        28.4		 100	        100
Write	   1.54 +/- 14.9         250		97.7	       97.5
Read	  0.119 +/- 0.245       1.95		 100	        100
Compile	   10.1 +/- 32           229		92.2	       89.6
Memload	  0.336 +/- 0.922       15.1		 100	        100

--- Benchmarking simulated cpu of Video in the presence of simulated ---
Load	Latency +/- SD (ms)  Max Latency   % Desired CPU  % Deadlines Met
None	   1.08 +/- 3.44        26.3		 100	       97.8
X	   0.85 +/- 2.1         23.4		 100	       99.3
Burn	   9.01 +/- 15.3         108		89.9	       76.1
Write	    2.3 +/- 17           312		92.3	       90.9
Read	  0.275 +/- 1.62        50.3		99.8	       99.7
Compile	   10.9 +/- 30           301		72.6	       66.4
Memload	  0.769 +/- 3.05        34.2		99.7	       98.1

--- Benchmarking simulated cpu of X in the presence of simulated ---
Load	Latency +/- SD (ms)  Max Latency   % Desired CPU  % Deadlines Met
None	  0.002 +/- 0.0219     0.277		 100	        100
Video	  0.003 +/- 0.0401     0.647		 100	        100
Burn	   30.7 +/- 48.8         120		22.7	       13.7
Write	   8.26 +/- 39.2         318		78.3	         75
Read	  0.003 +/- 0.0497     0.851		 100	        100
Compile	   59.7 +/- 93.9         374		23.2	       10.4
Memload	  0.089 +/- 1.56          27		  99	         99

--- Benchmarking simulated cpu of Gaming in the presence of simulated ---
Load	Latency +/- SD (ms)  Max Latency   % Desired CPU
None	      0 +/- 0              0		 100
Video	  0.047 +/- 0.993       20.8		 100
X	  0.535 +/- 4.48        69.7		99.5
Burn	     70 +/- 83.8         324		58.8
Write	   16.9 +/- 58.4         396		85.5
Read	   1.76 +/- 9.01        78.1		98.3
Compile	    173 +/- 258         1913		36.6
Memload	   1.88 +/- 10.4        98.9		98.2


