
Using 1405790 loops per ms, running every load for 30 seconds
Benchmarking kernel 2.6.32 at datestamp 201105071234

--- Benchmarking simulated cpu of Audio in the presence of simulated ---
Load	Latency +/- SD (ms)  Max Latency   % Desired CPU  % Deadlines Met
None	  0.643 +/- 1.25         7.6		 100	        100
Video	  0.413 +/- 0.729       5.79		 100	        100
X	  0.434 +/- 0.827       6.23		 100	        100
Burn	  0.311 +/- 0.548       5.08		 100	        100
Write	      4 +/- 26.3         250		93.9	       93.9
Read	  0.085 +/- 0.203       3.66		 100	        100
Compile	   5.51 +/- 23.8         228		95.5	       94.7
Memload	  0.292 +/- 0.625       5.42		 100	        100

--- Benchmarking simulated cpu of Video in the presence of simulated ---
Load	Latency +/- SD (ms)  Max Latency   % Desired CPU  % Deadlines Met
None	  0.382 +/- 1.37        18.8		 100	       99.4
X	  0.755 +/- 2.25          22		 100	       98.8
Burn	   8.87 +/- 14.6        65.6		89.5	       78.1
Write	   3.67 +/- 23.3         372		89.1	       87.2
Read	  0.341 +/- 0.88        16.7		 100	       99.9
Compile	   2.62 +/- 7.53        90.3		97.2	       91.9
Memload	   0.66 +/- 2.32        32.6		99.9	       99.2

--- Benchmarking simulated cpu of X in the presence of simulated ---
Load	Latency +/- SD (ms)  Max Latency   % Desired CPU  % Deadlines Met
None	  0.009 +/- 0.127       2.17		 100	        100
Video	  0.013 +/- 0.181       3.09		 100	        100
Burn	   31.2 +/- 50.8         174		  22	       13.4
Write	   17.6 +/- 81.2         804		76.2	       72.6
Read	  0.001 +/- 0.0258     0.439		 100	        100
Compile	   49.6 +/- 75.6         216		17.3	       8.85
Memload	  0.137 +/- 2.14          37		 100	       99.7

--- Benchmarking simulated cpu of Gaming in the presence of simulated ---
Load	Latency +/- SD (ms)  Max Latency   % Desired CPU
None	      0 +/- 0              0		 100
Video	      0 +/- 0              0		 100
X	      0 +/- 0              0		 100
Burn	   62.2 +/- 68.3         136		61.6
Write	   7.57 +/- 34.8         359		  93
Read	      0 +/- 0              0		 100
Compile	    114 +/- 124          240		46.8
Memload	      0 +/- 0              0		 100



Using 1405790 loops per ms, running every load for 30 seconds
Benchmarking kernel 2.6.32 at datestamp 201105071518

--- Benchmarking simulated cpu of Audio in the presence of simulated ---
Load	Latency +/- SD (ms)  Max Latency   % Desired CPU  % Deadlines Met
None	  0.403 +/- 0.732       7.13		 100	        100
Video	  0.305 +/- 0.529       4.25		 100	        100
X	  0.421 +/- 0.807       8.11		 100	        100
Burn	  0.244 +/- 0.444       6.06		 100	        100
Write	   69.8 +/- 207         1400		37.3	       36.3
Read	  0.307 +/- 0.772       7.37		 100	        100
Compile	  0.296 +/- 0.553       6.12		 100	        100
Memload	  0.325 +/- 1.19        16.1		 100	        100

--- Benchmarking simulated cpu of Video in the presence of simulated ---
Load	Latency +/- SD (ms)  Max Latency   % Desired CPU  % Deadlines Met
None	  0.432 +/- 1.54        24.2		 100	       99.3
X	   1.03 +/- 3.12        33.7		99.9	       98.3
Burn	   10.2 +/- 17.9         107		83.5	       67.5
Write	   6.64 +/- 32.2         519		80.7	         75
Read	  0.416 +/- 1.5         34.7		99.9	       99.6
Compile	   11.8 +/- 31.6         290		70.9	       60.1
Memload	    1.1 +/- 4.57        79.8		99.1	       96.8

--- Benchmarking simulated cpu of X in the presence of simulated ---
Load	Latency +/- SD (ms)  Max Latency   % Desired CPU  % Deadlines Met
None	   0.18 +/- 2.52          42		95.6	       95.2
Video	  0.165 +/- 2             29		 100	       99.3
Burn	   34.5 +/- 53.9         148		  21	       12.3
Write	   13.8 +/- 52.4         576		62.7	       57.1
Read	  0.252 +/- 2.58          32		98.4	         98
Compile	   32.7 +/- 56.2         224		26.7	       15.8
Memload	  0.445 +/- 5.72          88		99.3	         99

--- Benchmarking simulated cpu of Gaming in the presence of simulated ---
Load	Latency +/- SD (ms)  Max Latency   % Desired CPU
None	  0.129 +/- 1.41        22.8		99.9
Video	   0.08 +/- 1.01        14.3		99.9
X	  0.179 +/- 2.21        31.7		99.8
Burn	   82.6 +/- 89.2         196		54.8
Write	     12 +/- 40.4         406		89.3
Read	  0.103 +/- 1.01        12.3		99.9
Compile	    131 +/- 158          559		43.2
Memload	      0 +/- 0              0		 100



Using 1405790 loops per ms, running every load for 30 seconds
Benchmarking kernel 2.6.32 at datestamp 201105071538

--- Benchmarking simulated cpu of Audio in the presence of simulated ---
Load	Latency +/- SD (ms)  Max Latency   % Desired CPU  % Deadlines Met
None	  0.472 +/- 0.946       6.92		 100	        100
Video	  0.337 +/- 0.562        4.2		 100	        100
X	  0.312 +/- 0.553       5.09		 100	        100
Burn	  0.454 +/- 4.59         100		99.7	       99.5
Write	   1.23 +/- 11.7         200		98.2	         98
Read	  0.086 +/- 0.365       7.57		 100	        100
Compile	   7.56 +/- 34.3         577		  92	         91
Memload	  0.241 +/- 0.549       6.11		 100	        100

--- Benchmarking simulated cpu of Video in the presence of simulated ---
Load	Latency +/- SD (ms)  Max Latency   % Desired CPU  % Deadlines Met
None	   1.02 +/- 3.74        83.4		99.7	       97.4
X	  0.833 +/- 2.4         26.4		 100	       98.9
Burn	   3.06 +/- 8.24        83.5		96.4	       90.5
Write	   2.58 +/- 12.4         272		94.2	       89.8
Read	  0.379 +/- 2.08        34.5		99.6	       98.9
Compile	   3.87 +/- 10.2         140		96.6	       87.8
Memload	    1.5 +/- 5.06        56.6		  99	       94.5

--- Benchmarking simulated cpu of X in the presence of simulated ---
Load	Latency +/- SD (ms)  Max Latency   % Desired CPU  % Deadlines Met
None	  0.006 +/- 0.0733       1.1		 100	        100
Video	  0.001 +/- 0.0208     0.296		 100	        100
Burn	   38.7 +/- 57.7         188		19.6	       10.4
Write	   6.83 +/- 32.5         259		68.5	       66.1
Read	      0 +/- 0.00441    0.051		 100	        100
Compile	   33.7 +/- 55.7         200		23.3	       12.6
Memload	  0.001 +/- 0.0127     0.175		 100	        100

--- Benchmarking simulated cpu of Gaming in the presence of simulated ---
Load	Latency +/- SD (ms)  Max Latency   % Desired CPU
None	   0.05 +/- 1.05        21.9		99.9
Video	      0 +/- 0              0		 100
X	  0.036 +/- 0.554       10.1		 100
Burn	     92 +/- 98.6         238		52.1
Write	   15.3 +/- 52.9         435		86.7
Read	  0.205 +/- 2.3         34.7		99.8
Compile	    103 +/- 124          428		49.3
Memload	  0.131 +/- 2.68        54.4		99.9



Using 1405790 loops per ms, running every load for 30 seconds
Benchmarking kernel 2.6.32 at datestamp 201105071645

--- Benchmarking simulated cpu of Audio in the presence of simulated ---
Load	Latency +/- SD (ms)  Max Latency   % Desired CPU  % Deadlines Met
None	  0.413 +/- 0.614       3.61		 100	        100
Video	  0.466 +/- 0.739       8.32		 100	        100
X	  0.343 +/- 0.53        3.71		 100	        100
Burn	  0.497 +/- 1.08        17.5		 100	        100
Write	   5.03 +/- 33.9         600		92.1	       91.9
Read	  0.078 +/- 0.199       2.46		 100	        100
Compile	   4.48 +/- 19.3         176		96.3	       94.8
Memload	  0.266 +/- 0.643        6.8		 100	        100

--- Benchmarking simulated cpu of Video in the presence of simulated ---
Load	Latency +/- SD (ms)  Max Latency   % Desired CPU  % Deadlines Met
None	   1.23 +/- 3.66        28.3		 100	       97.6
X	   1.17 +/- 3.28        30.8		 100	       98.1
Burn	      3 +/- 7.77        60.9		97.2	       91.1
Write	    5.4 +/- 25.3         373		82.7	       80.3
Read	  0.398 +/- 1.08        16.9		 100	       99.9
Compile	   7.77 +/- 22.4         264		82.4	       75.5
Memload	  0.773 +/- 3.16        35.3		99.7	       98.1

--- Benchmarking simulated cpu of X in the presence of simulated ---
Load	Latency +/- SD (ms)  Max Latency   % Desired CPU  % Deadlines Met
None	  0.001 +/- 0.0154     0.237		 100	        100
Video	  0.001 +/- 0.0191     0.307		 100	        100
Burn	   34.3 +/- 53.4         161		21.3	       12.1
Write	   3.42 +/- 18.4         184		88.3	       85.8
Read	  0.001 +/- 0.0258     0.443		 100	        100
Compile	   40.3 +/- 67           290		  24	       12.7
Memload	  0.015 +/- 0.155       2.04		 100	        100

--- Benchmarking simulated cpu of Gaming in the presence of simulated ---
Load	Latency +/- SD (ms)  Max Latency   % Desired CPU
None	      0 +/- 0              0		 100
Video	      0 +/- 0              0		 100
X	  0.012 +/- 0.271       5.73		 100
Burn	   71.7 +/- 77.2         126		58.2
Write	   11.2 +/- 37.3         358		89.9
Read	      0 +/- 0              0		 100
Compile	    117 +/- 126          322		  46
Memload	      0 +/- 0              0		 100



Using 1405790 loops per ms, running every load for 30 seconds
Benchmarking kernel 2.6.32 at datestamp 201105092129
Comment: vanilla monday 9 30

--- Benchmarking simulated cpu of Audio in the presence of simulated ---
Load	Latency +/- SD (ms)  Max Latency   % Desired CPU  % Deadlines Met
None	   0.49 +/- 0.729       4.82		 100	        100
Video	  0.608 +/- 0.986       8.23		 100	        100
X	  0.477 +/- 0.839       6.32		 100	        100
Burn	  0.409 +/- 1.06        18.2		 100	        100
Write	    1.2 +/- 12.3         250		98.2	       98.2
Read	  0.271 +/- 0.615       2.91		 100	        100
Compile	  0.372 +/- 0.679       8.27		 100	        100
Memload	  0.399 +/- 1.32        19.6		 100	        100

--- Benchmarking simulated cpu of Video in the presence of simulated ---
Load	Latency +/- SD (ms)  Max Latency   % Desired CPU  % Deadlines Met
None	   1.61 +/- 4.69        28.6		 100	       95.9
X	  0.582 +/- 1.44        18.9		 100	       99.6
Burn	   11.7 +/- 18.3        76.1		84.5	       69.3
Write	   2.24 +/- 11.9         241		  93	       90.9
Read	  0.253 +/- 0.677       5.84		 100	        100
Compile	   4.29 +/- 10.1         101		95.8	       85.7
Memload	   0.82 +/- 3.19        41.8		99.7	       98.1

--- Benchmarking simulated cpu of X in the presence of simulated ---
Load	Latency +/- SD (ms)  Max Latency   % Desired CPU  % Deadlines Met
None	  0.007 +/- 0.102       1.71		 100	        100
Video	  0.016 +/- 0.197        2.8		 100	        100
Burn	     33 +/- 50.2         147		21.7	         12
Write	   7.82 +/- 26.5         184		84.2	       77.7
Read	      0 +/- 0.00424    0.049		 100	        100
Compile	   41.1 +/- 66.8         315		  24	         12
Memload	   0.11 +/- 1.35          17		 100	       99.3

--- Benchmarking simulated cpu of Gaming in the presence of simulated ---
Load	Latency +/- SD (ms)  Max Latency   % Desired CPU
None	
Using 1405790 loops per ms, running every load for 30 seconds
Benchmarking kernel 2.6.32 at datestamp 201105092155
Comment: vanilla_monday_9_30

--- Benchmarking simulated cpu of Audio in the presence of simulated ---
Load	Latency +/- SD (ms)  Max Latency   % Desired CPU  % Deadlines Met
None	  0.868 +/- 1.66        8.11		 100	        100
Video	  0.538 +/- 0.804       4.32		 100	        100
X	  0.716 +/- 1.29        6.73		 100	        100
Burn	  0.449 +/- 0.741        5.4		 100	        100
Write	    4.2 +/- 26.1         300		92.6	       92.6
Read	  0.183 +/- 0.485       5.78		 100	        100
Compile	  0.397 +/- 0.782       8.76		 100	        100
Memload	  0.353 +/- 0.895        9.2		 100	        100

--- Benchmarking simulated cpu of Video in the presence of simulated ---
Load	Latency +/- SD (ms)  Max Latency   % Desired CPU  % Deadlines Met
None	   2.13 +/- 5.82        28.4		99.9	       92.9
X	  0.839 +/- 2.55        23.8		 100	       98.3
Burn	   4.16 +/- 9.22        68.5		96.3	       89.6
Write	   1.49 +/- 11.9         300		96.5	       95.4
Read	  0.309 +/- 0.942         17		 100	       99.9
Compile	   4.89 +/- 10.8        77.3		94.6	       83.8
Memload	  0.993 +/- 3.78          53		99.6	       97.4

--- Benchmarking simulated cpu of X in the presence of simulated ---
Load	Latency +/- SD (ms)  Max Latency   % Desired CPU  % Deadlines Met
None	  0.003 +/- 0.0302     0.365		 100	        100
Video	  0.011 +/- 0.184        3.2		 100	        100
Burn	   32.6 +/- 51           155		22.4	       13.1
Write	   1.75 +/- 13.6         154		83.6	       82.5
Read	  0.011 +/- 0.175          3		 100	       99.7
Compile	   25.8 +/- 47.8         182		33.8	       21.8
Memload	  0.015 +/- 0.232          4		 100	       99.7

--- Benchmarking simulated cpu of Gaming in the presence of simulated ---
Load	Latency +/- SD (ms)  Max Latency   % Desired CPU
None	      0 +/- 0              0		 100
Video	  0.015 +/- 0.326       6.95		 100
X	      0 +/- 0              0		 100
Burn	   65.6 +/- 72.3         170		60.4
Write	   1.75 +/- 10.1        94.5		98.3
Read	   0.02 +/- 0.352       6.99		 100
Compile	   92.6 +/- 105          392		51.9
Memload	  0.066 +/- 0.882       15.2		99.9



Using 1405790 loops per ms, running every load for 30 seconds
Benchmarking kernel 2.6.32 at datestamp 201105092214
Comment: v_mon

--- Benchmarking simulated cpu of Audio in the presence of simulated ---
Load	Latency +/- SD (ms)  Max Latency   % Desired CPU  % Deadlines Met
None	  0.928 +/- 1.65        8.74		 100	        100
Video	  0.571 +/- 0.854       6.01		 100	        100
X	  0.685 +/- 1.38        7.92		 100	        100
Burn	  0.287 +/- 0.489       4.86		 100	        100
Write	  0.444 +/- 2.21        50.2		99.8	       99.8
Read	   0.14 +/- 0.346        4.4		 100	        100
Compile	   3.17 +/- 14.6         138		98.8	       97.6
Memload	  0.336 +/- 0.921       10.4		 100	        100

--- Benchmarking simulated cpu of Video in the presence of simulated ---
Load	Latency +/- SD (ms)  Max Latency   % Desired CPU  % Deadlines Met
None	   1.77 +/- 5.11        27.1		99.9	       94.4
X	   1.28 +/- 3.54        26.5		 100	       97.4
Burn	   13.5 +/- 20           105		79.9	       65.2
Write	   4.33 +/- 19.6         337		84.4	       81.2
Read	  0.369 +/- 1.07          20		 100	       99.9
Compile	    4.8 +/- 11.3         125		94.7	       84.1
Memload	  0.699 +/- 2.31        33.3		99.9	       99.3

--- Benchmarking simulated cpu of X in the presence of simulated ---
Load	Latency +/- SD (ms)  Max Latency   % Desired CPU  % Deadlines Met
None	  0.006 +/- 0.0773      1.24		 100	        100
Video	  0.017 +/- 0.252       4.35		 100	        100
Burn	   25.8 +/- 46.7         180		22.6	       15.7
Write	   1.29 +/- 10.6         112		71.4	       70.8
Read	  0.001 +/- 0.0139     0.206		 100	        100
Compile	   21.4 +/- 41.2         180		34.8	         24
Memload	  0.002 +/- 0.0377     0.634		 100	        100

--- Benchmarking simulated cpu of Gaming in the presence of simulated ---
Load	Latency +/- SD (ms)  Max Latency   % Desired CPU
None	      0 +/- 0              0		 100
Video	      0 +/- 0              0		 100
X	      0 +/- 0              0		 100
Burn	   73.2 +/- 79.4         168		57.7
Write	   2.26 +/- 13.3         143		97.8
Read	      0 +/- 0              0		 100
Compile	    104 +/- 117          336		49.1
Memload	  0.109 +/- 1.42        25.3		99.9



Using 1405790 loops per ms, running every load for 30 seconds
Benchmarking kernel 2.6.32 at datestamp 201105092232

--- Benchmarking simulated cpu of Audio in the presence of simulated ---
Load	Latency +/- SD (ms)  Max Latency   % Desired CPU  % Deadlines Met
None	  0.472 +/- 0.719       6.21		 100	        100
Video	  0.548 +/- 0.88        5.56		 100	        100
X	  0.531 +/- 0.903       7.64		 100	        100
Burn	  0.297 +/- 0.422       2.11		 100	        100
Write	   0.87 +/- 10.4         251		99.2	       99.2
Read	  0.457 +/- 0.916       3.15		 100	        100
Compile	  0.326 +/- 0.709         12		 100	        100
Memload	  0.366 +/- 1.09        18.7		 100	        100

--- Benchmarking simulated cpu of Video in the presence of simulated ---
Load	Latency +/- SD (ms)  Max Latency   % Desired CPU  % Deadlines Met
None	  0.786 +/- 2.77        24.2		 100	       97.6
X	   1.43 +/- 4.08        26.6		 100	       96.2
Burn	   3.45 +/- 8.13        80.5		96.9	       90.9
Write	  0.815 +/- 3.68        70.1		99.3	       97.9
Read	  0.551 +/- 1.94        27.7		 100	       99.2
Compile	   7.05 +/- 17.2         165		85.9	       78.7
Memload	  0.879 +/- 2.85        31.4		 100	       98.8

--- Benchmarking simulated cpu of X in the presence of simulated ---
Load	Latency +/- SD (ms)  Max Latency   % Desired CPU  % Deadlines Met
None	   0.02 +/- 0.28        4.79		 100	        100
Video	  0.033 +/- 0.439       7.44		 100	        100
Burn	   33.9 +/- 51.5         141		22.2	       12.4
Write	   4.25 +/- 21.7         238		69.1	       67.2
Read	      0 +/- 0.00564    0.065		 100	        100
Compile	   34.5 +/- 55.4         174		25.2	       14.5
Memload	  0.149 +/- 1.62          20		 100	       99.3

--- Benchmarking simulated cpu of Gaming in the presence of simulated ---
Load	Latency +/- SD (ms)  Max Latency   % Desired CPU
None	      0 +/- 0              0		 100
Video	      0 +/- 0              0		 100
X	      0 +/- 0              0		 100
Burn	   76.2 +/- 82.2         155		56.8
Write	   1.28 +/- 9.11         123		98.7
Read	      0 +/- 0              0		 100
Compile	    113 +/- 123          284		47.1
Memload	      0 +/- 0              0		 100



Using 1405790 loops per ms, running every load for 30 seconds
Benchmarking kernel 2.6.32 at datestamp 201105092302
Comment: no resched monday 11 00

--- Benchmarking simulated cpu of Audio in the presence of simulated ---
Load	Latency +/- SD (ms)  Max Latency   % Desired CPU  % Deadlines Met
None	  0.916 +/- 1.67        8.04		 100	        100
Video	  0.611 +/- 0.92        3.81		 100	        100
X	  0.646 +/- 1.38        9.11		 100	        100
Burn	  0.304 +/- 2.08        50.3		99.8	       99.8
Write	  0.689 +/- 6.44         107		99.2	       99.2
Read	  0.324 +/- 0.788       7.05		 100	        100
Compile	  0.293 +/- 0.481       2.93		 100	        100
Memload	  0.275 +/- 0.605       6.12		 100	        100

--- Benchmarking simulated cpu of Video in the presence of simulated ---
Load	Latency +/- SD (ms)  Max Latency   % Desired CPU  % Deadlines Met
None	  0.495 +/- 1.46        18.9		 100	       99.4
X	  0.747 +/- 2.24        20.1		 100	       98.8
Burn	   3.86 +/- 8.28        42.8		96.7	       90.9
Write	   1.25 +/- 7.01         134		96.7	       95.7
Read	  0.469 +/- 1.55        21.3		 100	       99.5
Compile	   5.78 +/- 17           247		89.3	       81.6
Memload	  0.715 +/- 2.57        35.7		99.9	       99.1

--- Benchmarking simulated cpu of X in the presence of simulated ---
Load	Latency +/- SD (ms)  Max Latency   % Desired CPU  % Deadlines Met
None	  0.006 +/- 0.0737      1.22		 100	        100
Video	  0.018 +/- 0.227        3.8		 100	        100
Burn	   32.3 +/- 50.6         144		22.1	       12.8
Write	  0.435 +/- 4.27          64		  98	       97.4
Read	      0 +/- 0.00333    0.036		 100	        100
Compile	   20.9 +/- 41.7         169		29.8	       21.5
Memload	  0.358 +/- 3.14          35		98.7	         98

--- Benchmarking simulated cpu of Gaming in the presence of simulated ---
Load	Latency +/- SD (ms)  Max Latency   % Desired CPU
None	      0 +/- 0              0		 100
Video	      0 +/- 0              0		 100
X	      0 +/- 0              0		 100
Burn	   72.9 +/- 78.9         143		57.8
Write	   2.78 +/- 15.5         149		97.3
Read	      0 +/- 0              0		 100
Compile	   91.4 +/- 104          259		52.2
Memload	  0.012 +/- 0.259       5.28		 100



Using 1405790 loops per ms, running every load for 30 seconds
Benchmarking kernel 2.6.32 at datestamp 201105092320
Comment: no resched monday 11 20

--- Benchmarking simulated cpu of Audio in the presence of simulated ---
Load	Latency +/- SD (ms)  Max Latency   % Desired CPU  % Deadlines Met
None	  0.496 +/- 0.707       3.17		 100	        100
Video	  0.539 +/- 0.829       3.99		 100	        100
X	  0.481 +/- 0.904       7.62		 100	        100
Burn	  0.436 +/- 0.636       3.08		 100	        100
Write	  0.711 +/- 4.3         84.6		99.8	       99.7
Read	  0.116 +/- 0.341       3.58		 100	        100
Compile	   0.44 +/- 0.792       8.64		 100	        100
Memload	  0.397 +/- 2.09        42.1		 100	        100

--- Benchmarking simulated cpu of Video in the presence of simulated ---
Load	Latency +/- SD (ms)  Max Latency   % Desired CPU  % Deadlines Met
None	   1.66 +/- 4.91        27.1		 100	       95.3
X	   1.18 +/- 3.28        29.9		 100	       98.1
Burn	   2.45 +/- 6.5         46.1		98.4	       93.5
Write	  0.845 +/- 4.77         103		98.8	       98.2
Read	  0.247 +/- 0.682       9.44		 100	        100
Compile	   5.19 +/- 12.9         170		93.4	       83.9
Memload	  0.847 +/- 3.6         67.7		99.8	       97.8

--- Benchmarking simulated cpu of X in the presence of simulated ---
Load	Latency +/- SD (ms)  Max Latency   % Desired CPU  % Deadlines Met
None	  0.006 +/- 0.0643     0.928		 100	        100
Video	   0.02 +/- 0.223       3.31		 100	        100
Burn	   33.9 +/- 50.7         120		22.7	       12.5
Write	   0.79 +/- 8.83         132		94.9	       94.9
Read	  0.001 +/- 0.0182      0.31		 100	        100
Compile	   22.1 +/- 43.8         228		33.2	       23.2
Memload	  0.206 +/- 2.13          25		  99	       98.4

--- Benchmarking simulated cpu of Gaming in the presence of simulated ---
Load	Latency +/- SD (ms)  Max Latency   % Desired CPU
None	      0 +/- 0              0		 100
Video	      0 +/- 0              0		 100
X	  0.072 +/- 0.975       17.8		99.9
Burn	     64 +/- 69.7         134		  61
Write	   1.34 +/- 8.29        89.5		98.7
Read	      0 +/- 0              0		 100
Compile	   92.9 +/- 114          587		51.8
Memload	  0.148 +/- 2.46        49.3		99.9



Using 1405790 loops per ms, running every load for 30 seconds
Benchmarking kernel 2.6.32 at datestamp 201105092355
Comment: no resched no sched_debug mon 11 50

--- Benchmarking simulated cpu of Audio in the presence of simulated ---
Load	Latency +/- SD (ms)  Max Latency   % Desired CPU  % Deadlines Met
None	   0.91 +/- 1.69        9.04		 100	        100
Video	  0.386 +/- 0.682       5.21		 100	        100
X	  0.606 +/- 1.25        12.9		 100	        100
Burn	  0.281 +/- 0.573       8.38		 100	        100
Write	  0.601 +/- 8.24         200		99.3	       99.3
Read	  0.072 +/- 0.152       2.27		 100	        100
Compile	    2.7 +/- 13.7         125		98.5	       97.4
Memload	  0.296 +/- 0.684       6.09		 100	        100

--- Benchmarking simulated cpu of Video in the presence of simulated ---
Load	Latency +/- SD (ms)  Max Latency   % Desired CPU  % Deadlines Met
None	  0.472 +/- 1.58        18.7		 100	       99.3
X	  0.632 +/- 1.78        19.1		 100	       99.2
Burn	   2.98 +/- 7.89        57.5		  97	       91.3
Write	  0.978 +/- 6.3          149		  98	       97.5
Read	  0.287 +/- 0.934       18.7		 100	       99.9
Compile	   2.99 +/- 7.43        73.5		98.3	       92.9
Memload	  0.802 +/- 3.13        32.1		 100	         98

--- Benchmarking simulated cpu of X in the presence of simulated ---
Load	Latency +/- SD (ms)  Max Latency   % Desired CPU  % Deadlines Met
None	  0.009 +/- 0.108       1.65		 100	        100
Video	  0.019 +/- 0.328        5.7		 100	        100
Burn	   31.4 +/- 49.4         158		23.3	       13.8
Write	   1.34 +/- 15.1         220		  98	       97.7
Read	      0 +/- 0.00282    0.029		 100	        100
Compile	   24.5 +/- 43.8         216		36.7	       23.2
Memload	  0.001 +/- 0.0191     0.283		 100	        100

--- Benchmarking simulated cpu of Gaming in the presence of simulated ---
Load	Latency +/- SD (ms)  Max Latency   % Desired CPU
None	      0 +/- 0              0		 100
Video	  0.017 +/- 0.374       7.91		 100
X	      0 +/- 0              0		 100
Burn	   60.5 +/- 66.5         136		62.3
Write	  0.779 +/- 10.4         176		99.2
Read	      0 +/- 0              0		 100
Compile	    109 +/- 117          237		47.8
Memload	  0.084 +/- 1.24        20.5		99.9



Using 1405790 loops per ms, running every load for 30 seconds
Benchmarking kernel 2.6.32 at datestamp 201105100016
Comment: no resched no sched_debug tues 12 15

--- Benchmarking simulated cpu of Audio in the presence of simulated ---
Load	Latency +/- SD (ms)  Max Latency   % Desired CPU  % Deadlines Met
None	  0.487 +/- 0.745       5.41		 100	        100
Video	  0.647 +/- 0.987        6.9		 100	        100
X	  0.593 +/- 1.19        6.78		 100	        100
Burn	  0.414 +/- 0.587        2.4		 100	        100
Write	   0.89 +/- 14.4         350		98.8	       98.8
Read	  0.178 +/- 0.467       4.57		 100	        100
Compile	  0.326 +/- 0.62        9.24		 100	        100
Memload	  0.251 +/- 0.626       8.07		 100	        100

--- Benchmarking simulated cpu of Video in the presence of simulated ---
Load	Latency +/- SD (ms)  Max Latency   % Desired CPU  % Deadlines Met
None	  0.583 +/- 2.08        19.6		 100	       98.7
X	    1.3 +/- 4.03        41.9		99.8	         97
Burn	   2.56 +/- 6.23        37.2		98.7	       94.3
Write	  0.724 +/- 4.73         106		98.9	       98.7
Read	  0.294 +/- 0.771       6.66		 100	        100
Compile	   3.25 +/- 8.15         100		97.8	       90.3
Memload	  0.548 +/- 1.99        30.6		 100	       99.5

--- Benchmarking simulated cpu of X in the presence of simulated ---
Load	Latency +/- SD (ms)  Max Latency   % Desired CPU  % Deadlines Met
None	  0.007 +/- 0.0682     0.821		 100	        100
Video	  0.014 +/- 0.175       2.94		 100	        100
Burn	   33.2 +/- 50.8         129		22.1	       12.4
Write	  0.827 +/- 6.33          66		96.5	       95.4
Read	  0.001 +/- 0.021      0.361		 100	        100
Compile	   27.8 +/- 48           177		26.3	         16
Memload	  0.193 +/- 2.51          42		97.7	       97.1

--- Benchmarking simulated cpu of Gaming in the presence of simulated ---
Load	Latency +/- SD (ms)  Max Latency   % Desired CPU
None	      0 +/- 0              0		 100
Video	      0 +/- 0              0		 100
X	      0 +/- 0              0		 100
Burn	   73.6 +/- 78.9         133		57.6
Write	  0.857 +/- 7.18         112		99.2
Read	      0 +/- 0              0		 100
Compile	     83 +/- 96.9         275		54.7
Memload	  0.022 +/- 0.38        7.48		 100



Using 1405790 loops per ms, running every load for 30 seconds
Benchmarking kernel 2.6.32 at datestamp 201105100038
Comment: no resched no sched_debug tues 12 37 am lots of mac applications running

--- Benchmarking simulated cpu of Audio in the presence of simulated ---
Load	Latency +/- SD (ms)  Max Latency   % Desired CPU  % Deadlines Met
None	   0.24 +/- 0.421       4.06		 100	        100
Video	  0.528 +/- 0.816       3.62		 100	        100
X	  0.319 +/- 0.524       3.56		 100	        100
Burn	  0.421 +/- 0.662       3.86		 100	        100
Write	  0.084 +/- 0.229       2.47		 100	        100
Read	  0.813 +/- 12.3         300		  99	         99
Compile	  0.909 +/- 4.8         50.9		99.7	       99.2
Memload	  0.454 +/- 2.42        50.4		 100	       99.8

--- Benchmarking simulated cpu of Video in the presence of simulated ---
Load	Latency +/- SD (ms)  Max Latency   % Desired CPU  % Deadlines Met
None	  0.761 +/- 3.16          33		 100	       96.9
X	   1.04 +/- 3.56        22.9		99.8	         96
Burn	   17.5 +/- 24.2         144		73.5	       42.6
Write	   1.18 +/- 16.2         650		97.1	       94.7
Read	  0.342 +/- 1.82        35.7		99.8	       99.2
Compile	   3.02 +/- 7.81        72.3		97.2	         90
Memload	   1.35 +/- 5.04        67.6		98.7	       95.1

--- Benchmarking simulated cpu of X in the presence of simulated ---
Load	Latency +/- SD (ms)  Max Latency   % Desired CPU  % Deadlines Met
None	  0.001 +/- 0.0162     0.166		 100	        100
Video	  0.014 +/- 0.17         2.7		 100	        100
Burn	   32.7 +/- 51.7         136		21.8	       12.6
Write	   2.29 +/- 22           360		96.1	       94.1
Read	   0.09 +/- 1.26          21		  99	       98.7
Compile	   20.2 +/- 44.2         270		36.3	         25
Memload	  0.852 +/- 5.64          60		96.8	       94.4

--- Benchmarking simulated cpu of Gaming in the presence of simulated ---
Load	Latency +/- SD (ms)  Max Latency   % Desired CPU
None	  0.028 +/- 0.6         12.4		 100
Video	  0.339 +/- 2.96        43.6		99.7
X	  0.667 +/- 5.26        81.2		99.3
Burn	   89.8 +/- 100          318		52.7
Write	   4.21 +/- 16.7         120		  96
Read	  0.674 +/- 6.01        81.8		99.3
Compile	    117 +/- 135          442		  46
Memload	   0.26 +/- 2.57        39.3		99.7


